2025-05-15 16:57:46,232 - PDB: 7WV9_R - SEQID: 5033 - SMILES: C/C=C1/CC2[C@@H]1C[C@H](c1cc3c(cc1OC)C1CCN4C[C@H]5C[C@H](CC)[C@H]4[C@@](C(=O)OC)(C5)C1N3)c1[nH]c3ccccc3c1CC(NC)[C@H]2C(=O)OC - REASON: 3D坐标生成失败
2025-05-15 16:59:42,719 - PDB: 3QM4_A - SEQID: 11112 - SMILES: O=C(NC1C[C@H]2CC[C@H](C1)N2Cc1ccc2cc(F)ccc2c1)c1cnccc1C(=O)N1CCCCC1 - REASON: 3D坐标生成失败
2025-05-15 17:00:32,879 - PDB: 3QM4_A - SEQID: 18023 - SMILES: Cc1ncn(-c2ccc(C(=O)N[C@H]3[C@H]4CC[C@H]3N(c3ncc(Cl)c5cnoc35)C4)c(Cl)c2)n1 - REASON: 3D坐标生成失败
2025-05-15 17:00:58,310 - PDB: 6OIJ_R - SEQID: 11034 - SMILES: CN1[C@H]2C[C@H](OC(=O)[C@H](CO)c3ccccc3)C[C@@H]1[C@@H]1O[C@H]12 - REASON: 3D坐标生成失败
2025-05-15 17:01:48,292 - PDB: 2HI4_A - SEQID: 3360 - SMILES: Cc1ncn(-c2ccc(C(=O)N[C@H]3[C@H]4CC[C@H]3N(c3ncc(Cl)c5cnoc35)C4)c(Cl)c2)n1 - REASON: 3D坐标生成失败
2025-05-15 17:03:50,006 - PDB: 2HI4_A - SEQID: 4323 - SMILES: O=C(NC1C[C@H]2CC[C@H](C1)N2Cc1ccc2cc(F)ccc2c1)c1cc[n+]([O-])cc1C(=O)N1CCCCC1 - REASON: 3D坐标生成失败
2025-05-15 17:04:16,291 - PDB: 1Y5M_A - SEQID: 801 - SMILES: CC(C)(Oc1ccc(Br)cn1)C(=O)N[C@H]1C2C[C@@H]3C[C@H]1C[C@@](CC(N)=O)(C2)C3 - REASON: 3D坐标生成失败
2025-05-15 17:05:01,536 - PDB: 1Y5M_A - SEQID: 1618 - SMILES: CC(C)(C(=O)N[C@H]1C2C[C@@H]3C[C@H]1C[C@@](CC(N)=O)(C2)C3)c1ccc(N2CCOCC2)nc1 - REASON: 3D坐标生成失败
2025-05-15 17:05:28,738 - PDB: 1Y5M_A - SEQID: 1736 - SMILES: CC(C)(Oc1ccc(Cl)cc1)C(=O)N[C@H]1C2C[C@@H]3C[C@H]1C[C@@](c1ncc[nH]1)(C2)C3 - REASON: 3D坐标生成失败
2025-05-15 17:05:59,316 - PDB: 1Y5M_A - SEQID: 9814 - SMILES: CC(C)(Oc1ccc(Cl)cc1)C(=O)N[C@H]1C2C[C@@H]3C[C@H]1C[C@@](CCC(=O)O)(C2)C3 - REASON: 3D坐标生成失败
2025-05-15 17:06:24,625 - PDB: 1Y5M_A - SEQID: 11401 - SMILES: CC(C)(Oc1ccc(Cl)cc1)C(=O)N[C@H]1C2C[C@@H]3C[C@H]1C[C@@](c1ccno1)(C2)C3 - REASON: 3D坐标生成失败
2025-05-15 17:06:50,542 - PDB: 1Y5M_A - SEQID: 13267 - SMILES: CC(C)(Oc1ccc(Cl)cc1)C(=O)N[C@H]1C2C[C@@H]3C[C@H]1C[C@@](C(=N)NO)(C2)C3 - REASON: 3D坐标生成失败
2025-05-15 17:07:23,571 - PDB: 1Y5M_A - SEQID: 13684 - SMILES: CC(C)(Oc1ccc(Cl)cc1)C(=O)N[C@H]1C2C[C@@H]3C[C@@H]1C[C@@](CO)(C2)C3 - REASON: 3D坐标生成失败
2025-05-15 17:08:11,897 - PDB: 1Y5M_A - SEQID: 16682 - SMILES: CC(C)(Oc1ccc(Cl)cc1)C(=O)N[C@H]1C2C[C@@H]3C[C@@H]1C[C@@](C(=O)NCC(N)=O)(C2)C3 - REASON: 3D坐标生成失败
2025-05-15 17:08:43,638 - PDB: 1Y5M_A - SEQID: 16821 - SMILES: CC(C)(Oc1ccc(Cl)cc1)C(=O)N[C@H]1C2C[C@@H]3C[C@@H]1C[C@@](C(N)=O)(C2)C3 - REASON: 3D坐标生成失败
2025-05-15 17:09:17,333 - PDB: 1Y5M_A - SEQID: 16869 - SMILES: CC(C)(Oc1ccc(-n2cccn2)cn1)C(=O)N[C@H]1C2C[C@@H]3C[C@H]1C[C@@](CC(N)=O)(C2)C3 - REASON: 3D坐标生成失败
2025-05-15 17:10:05,335 - PDB: 1Y5M_A - SEQID: 26444 - SMILES: CNC(=O)NC(=O)[C@@]12CC3C[C@H](C[C@H](C1)[C@H]3NC(=O)C(C)(C)Oc1ccc(Cl)cc1)C2 - REASON: 3D坐标生成失败
2025-05-15 17:10:32,249 - PDB: 1Y5M_A - SEQID: 26774 - SMILES: CC(C)(Oc1ccc(Cl)cc1)C(=O)N[C@H]1C2C[C@@H]3C[C@H]1C[C@@](c1nnc(N)[nH]1)(C2)C3 - REASON: 3D坐标生成失败
2025-05-15 17:11:11,224 - PDB: 1Y5M_A - SEQID: 28562 - SMILES: COc1ccc(OC(C)(C)C(=O)N[C@H]2C3C[C@@H]4C[C@@H]2C[C@@](C(N)=O)(C3)C4)cc1 - REASON: 3D坐标生成失败
2025-05-15 17:11:39,926 - PDB: 1Y5M_A - SEQID: 30882 - SMILES: CC(C)(Oc1ccc(Cl)cc1)C(=O)N[C@H]1C2C[C@@H]3C[C@H]1C[C@@](Cc1nnn[nH]1)(C2)C3 - REASON: 3D坐标生成失败
2025-05-15 17:12:06,459 - PDB: 1Y5M_A - SEQID: 32460 - SMILES: CC(C)(Oc1ccc(C#N)cn1)C(=O)N[C@H]1C2C[C@@H]3C[C@H]1C[C@@](CC(N)=O)(C2)C3 - REASON: 3D坐标生成失败
2025-05-15 17:13:21,129 - PDB: 1Y5M_A - SEQID: 32595 - SMILES: CC(C)(Oc1ccc(Cl)cc1)C(=O)N[C@H]1C2C[C@@H]3C[C@@H]1C[C@@](C(=O)NCc1ccc(S(N)(=O)=O)cc1)(C2)C3 - REASON: 3D坐标生成失败
2025-05-15 17:13:47,694 - PDB: 1Y5M_A - SEQID: 33674 - SMILES: CC(C)(C(=O)N[C@H]1C2C[C@@H]3C[C@H]1C[C@@](CC(N)=O)(C2)C3)c1ccc(C#N)cn1 - REASON: 3D坐标生成失败
2025-05-15 17:15:57,355 - PDB: 3TTI_A - SEQID: 5784 - SMILES: O=C(N[C@@H](c1ccccn1)C1CC1)c1ccc2[nH]nc(-c3ccc(N4[C@H]5CC[C@H]4CC(O)C5)cc3)c2c1 - REASON: 3D坐标生成失败
2025-05-15 17:16:45,941 - PDB: 1PFX_C - SEQID: 4164 - SMILES: Cc1ncn(-c2ccc(C(=O)N[C@H]3[C@H]4CC[C@H]3N(c3ncc(Cl)c5cnoc35)C4)c(Cl)c2)n1 - REASON: 3D坐标生成失败
2025-05-15 17:17:35,803 - PDB: 1RFN_A - SEQID: 14676 - SMILES: Cc1ncn(-c2ccc(C(=O)N[C@H]3[C@H]4CC[C@H]3N(c3ncc(Cl)c5cnoc35)C4)c(Cl)c2)n1 - REASON: 3D坐标生成失败
2025-05-15 17:19:38,687 - PDB: 4GQS_A - SEQID: 6218 - SMILES: O=C(NC1C[C@H]2CC[C@H](C1)N2Cc1ccc2cc(F)ccc2c1)c1cc[n+]([O-])cc1C(=O)N1CCCCC1 - REASON: 3D坐标生成失败
2025-05-15 17:20:02,627 - PDB: 6LR0_U - SEQID: 13299 - SMILES: CN1[C@H]2C[C@H](OC(=O)[C@H](CO)c3ccccc3)C[C@@H]1[C@@H]1O[C@H]12 - REASON: 3D坐标生成失败
2025-05-15 17:22:11,499 - PDB: 8DFM_A - SEQID: 11243 - SMILES: O=C(N[C@@H](c1ccccn1)C1CC1)c1ccc2[nH]nc(-c3ccc(N4[C@H]5CC[C@H]4CC(O)C5)cc3)c2c1 - REASON: 3D坐标生成失败
2025-05-15 17:22:27,205 - PDB: 1Q83_A - SEQID: 11262 - SMILES: C/C=C1\[C@H]2C=C(C)C[C@@]1(N)c1ccc(=O)[nH]c1C2 - REASON: 3D坐标生成失败
2025-05-15 17:22:42,926 - PDB: 1Q83_A - SEQID: 16858 - SMILES: C/C=C1\[C@H]2C=C(C)C[C@@]1(N)c1ccc(=O)[nH]c1C2 - REASON: 3D坐标生成失败
2025-05-15 17:24:44,049 - PDB: 7X9Y_R - SEQID: 20761 - SMILES: O=C(NC1C[C@H]2CC[C@H](C1)N2Cc1ccc2cc(F)ccc2c1)c1cc[n+]([O-])cc1C(=O)N1CCCCC1 - REASON: 3D坐标生成失败
2025-05-15 17:25:33,806 - PDB: 7XE4_F - SEQID: 28547 - SMILES: Cc1ncn(-c2ccc(C(=O)N[C@H]3[C@H]4CC[C@H]3N(c3ncc(Cl)c5cnoc35)C4)c(Cl)c2)n1 - REASON: 3D坐标生成失败
2025-05-15 17:27:36,226 - PDB: 1R9O_A - SEQID: 21603 - SMILES: O=C(NC1C[C@H]2CC[C@H](C1)N2Cc1ccc2cc(F)ccc2c1)c1cc[n+]([O-])cc1C(=O)N1CCCCC1 - REASON: 3D坐标生成失败
2025-05-15 17:28:26,223 - PDB: 1R9O_A - SEQID: 27741 - SMILES: Cc1ncn(-c2ccc(C(=O)N[C@H]3[C@H]4CC[C@H]3N(c3ncc(Cl)c5cnoc35)C4)c(Cl)c2)n1 - REASON: 3D坐标生成失败
2025-05-15 17:28:53,604 - PDB: 4BB5_A - SEQID: 1530 - SMILES: CC(C)(Oc1ccc(Cl)cc1)C(=O)N[C@H]1C2C[C@@H]3C[C@H]1C[C@@](c1ncc[nH]1)(C2)C3 - REASON: 3D坐标生成失败
2025-05-15 17:29:23,988 - PDB: 4BB5_A - SEQID: 1679 - SMILES: CC(C)(Oc1ccc(Cl)cc1)C(=O)N[C@H]1C2C[C@@H]3C[C@H]1C[C@@](CCC(=O)O)(C2)C3 - REASON: 3D坐标生成失败
2025-05-15 17:30:12,771 - PDB: 4BB5_A - SEQID: 1836 - SMILES: CC(C)(Oc1ccc(Cl)cc1)C(=O)N[C@H]1C2C[C@@H]3C[C@@H]1C[C@@](C(=O)NCC(N)=O)(C2)C3 - REASON: 3D坐标生成失败
2025-05-15 17:30:44,376 - PDB: 4BB5_A - SEQID: 2634 - SMILES: CC(C)(Oc1ccc(Cl)cc1)C(=O)N[C@H]1C2C[C@@H]3C[C@@H]1C[C@@](C(=O)O)(C2)C3 - REASON: 3D坐标生成失败
2025-05-15 17:31:20,638 - PDB: 4BB5_A - SEQID: 4181 - SMILES: COc1ccc(OC(C)(C)C(=O)N[C@H]2C3C[C@@H]4C[C@@H]2C[C@@](C(N)=O)(C3)C4)cc1 - REASON: 3D坐标生成失败
2025-05-15 17:32:13,525 - PDB: 4BB5_A - SEQID: 11868 - SMILES: CC(C)(Oc1ccc(Cl)cc1)C(=O)N[C@H]1C2C[C@@H]3C[C@@H]1C[C@@](C(=O)NCc1cncs1)(C2)C3 - REASON: 3D坐标生成失败
2025-05-15 17:33:21,309 - PDB: 4BB5_A - SEQID: 12278 - SMILES: CC(C)(Oc1ccc(Cl)cc1)C(=O)N[C@H]1C2C[C@@H]3C[C@@H]1C[C@@](C(=O)NCc1ccc(C(=O)O)cc1)(C2)C3 - REASON: 3D坐标生成失败
2025-05-15 17:33:51,733 - PDB: 4BB5_A - SEQID: 13450 - SMILES: CC(C)(Oc1ccccc1)C(=O)N[C@H]1C2C[C@@H]3C[C@@H]1C[C@@](C(N)=O)(C2)C3 - REASON: 3D坐标生成失败
2025-05-15 17:34:18,325 - PDB: 4BB5_A - SEQID: 13613 - SMILES: CC(C)(Oc1ccc(Cl)cc1)C(=O)N[C@H]1C2C[C@@H]3C[C@H]1C[C@@](CC(=O)O)(C2)C3 - REASON: 3D坐标生成失败
2025-05-15 17:34:46,213 - PDB: 4BB5_A - SEQID: 14565 - SMILES: CC(C)(C(=O)N[C@H]1C2C[C@@H]3C[C@H]1C[C@@](CC(N)=O)(C2)C3)c1ccc(C#N)cn1 - REASON: 3D坐标生成失败
2025-05-15 17:35:11,874 - PDB: 4BB5_A - SEQID: 18100 - SMILES: CC(C)(Oc1ccc(Cl)cc1)C(=O)N[C@H]1C2C[C@@H]3C[C@H]1C[C@@](c1ccno1)(C2)C3 - REASON: 3D坐标生成失败
2025-05-15 17:35:37,823 - PDB: 4BB5_A - SEQID: 18203 - SMILES: CC(C)(Oc1ccc(Cl)cc1)C(=O)N[C@H]1C2C[C@@H]3C[C@H]1C[C@@](C(=N)NO)(C2)C3 - REASON: 3D坐标生成失败
2025-05-15 17:36:54,238 - PDB: 4BB5_A - SEQID: 18234 - SMILES: CC(C)(Oc1ccc(Cl)cc1)C(=O)N[C@H]1C2C[C@@H]3C[C@@H]1C[C@@](C(=O)NCc1ccc(-c4nnn[nH]4)cc1)(C2)C3 - REASON: 3D坐标生成失败
2025-05-15 17:37:43,500 - PDB: 4BB5_A - SEQID: 21237 - SMILES: CNC(=O)NC(=O)[C@@]12CC3C[C@H](C[C@H](C1)[C@H]3NC(=O)C(C)(C)Oc1ccc(Cl)cc1)C2 - REASON: 3D坐标生成失败
2025-05-15 17:39:05,845 - PDB: 4BB5_A - SEQID: 22541 - SMILES: CC(C)(Oc1ccc(Cl)cc1)C(=O)N[C@H]1C2C[C@@H]3C[C@@H]1C[C@@](C(=O)NCc1ccc(C(=O)NS(C)(=O)=O)cc1)(C2)C3 - REASON: 3D坐标生成失败
2025-05-15 17:39:34,386 - PDB: 4BB5_A - SEQID: 22783 - SMILES: CC(C)(Oc1ccc(Cl)cc1)C(=O)N[C@H]1C2C[C@@H]3C[C@H]1C[C@@](Cc1nnn[nH]1)(C2)C3 - REASON: 3D坐标生成失败
2025-05-15 17:40:00,000 - PDB: 4BB5_A - SEQID: 22978 - SMILES: CC(C)(Oc1ccc(C#N)cn1)C(=O)N[C@H]1C2C[C@@H]3C[C@H]1C[C@@](CC(N)=O)(C2)C3 - REASON: 3D坐标生成失败
2025-05-15 17:40:46,444 - PDB: 4BB5_A - SEQID: 32715 - SMILES: CC(C)(C(=O)N[C@H]1C2C[C@@H]3C[C@H]1C[C@@](CC(N)=O)(C2)C3)c1ccc(N2CCOCC2)nc1 - REASON: 3D坐标生成失败
2025-05-15 17:41:16,997 - PDB: 4BB5_A - SEQID: 34086 - SMILES: CC(C)(Oc1ccccc1)C(=O)N[C@H]1C2C[C@@H]3C[C@@H]1C[C@@](C(=O)O)(C2)C3 - REASON: 3D坐标生成失败
2025-05-15 17:41:32,607 - PDB: 4TPK_A - SEQID: 12246 - SMILES: C/C=C1\[C@H]2C=C(C)C[C@@]1(N)c1ccc(=O)[nH]c1C2 - REASON: 3D坐标生成失败
2025-05-15 17:43:34,165 - PDB: 3TJS_A - SEQID: 22325 - SMILES: O=C(NC1C[C@H]2CC[C@H](C1)N2Cc1ccc2cc(F)ccc2c1)c1cc[n+]([O-])cc1C(=O)N1CCCCC1 - REASON: 3D坐标生成失败
2025-05-15 17:44:33,698 - PDB: 3I4F_A - SEQID: 1300 - SMILES: CC(C)(Oc1ccc(Cl)cc1)C(=O)N[C@H]1C2C[C@@H]3C[C@@H]1C[C@@](C(=O)NCc1ccncc1)(C2)C3 - REASON: 3D坐标生成失败
2025-05-15 17:45:07,667 - PDB: 3I4F_A - SEQID: 3854 - SMILES: CC(C)(Oc1ccc(-n2cccn2)cn1)C(=O)N[C@H]1C2C[C@@H]3C[C@H]1C[C@@](CC(N)=O)(C2)C3 - REASON: 3D坐标生成失败
2025-05-15 17:45:35,026 - PDB: 3I4F_A - SEQID: 4641 - SMILES: CC(C)(Oc1ccc(Cl)cc1)C(=O)N[C@H]1C2C[C@@H]3C[C@H]1C[C@@](c1nnc(N)[nH]1)(C2)C3 - REASON: 3D坐标生成失败
2025-05-15 17:46:13,626 - PDB: 3I4F_A - SEQID: 6958 - SMILES: COc1ccc(OC(C)(C)C(=O)N[C@H]2C3C[C@@H]4C[C@@H]2C[C@@](C(N)=O)(C3)C4)cc1 - REASON: 3D坐标生成失败
2025-05-15 17:46:38,631 - PDB: 3I4F_A - SEQID: 7299 - SMILES: CC(C)(Oc1ccc(Cl)cc1)C(=O)N[C@H]1C2C[C@@H]3C[C@H]1C[C@@](c1ccno1)(C2)C3 - REASON: 3D坐标生成失败
2025-05-15 17:47:23,685 - PDB: 3I4F_A - SEQID: 10666 - SMILES: CC(C)(Oc1ccc(N2CCOCC2)cn1)C(=O)N[C@H]1C2C[C@@H]3C[C@H]1C[C@@](CC(N)=O)(C2)C3 - REASON: 3D坐标生成失败
2025-05-15 17:48:37,320 - PDB: 3I4F_A - SEQID: 15035 - SMILES: CC(C)(Oc1ccc(Cl)cc1)C(=O)N[C@H]1C2C[C@@H]3C[C@@H]1C[C@@](C(=O)NCc1ccc(S(N)(=O)=O)cc1)(C2)C3 - REASON: 3D坐标生成失败
2025-05-15 17:49:03,391 - PDB: 3I4F_A - SEQID: 19345 - SMILES: CC(C)(Oc1ccc(Cl)cc1)C(=O)N[C@H]1C2C[C@@H]3C[C@H]1C[C@@](c1ncc[nH]1)(C2)C3 - REASON: 3D坐标生成失败
2025-05-15 17:49:49,304 - PDB: 3I4F_A - SEQID: 19597 - SMILES: CC(C)(C(=O)N[C@H]1C2C[C@@H]3C[C@H]1C[C@@](CC(N)=O)(C2)C3)c1ccc(N2CCOCC2)nc1 - REASON: 3D坐标生成失败
2025-05-15 17:50:14,858 - PDB: 3I4F_A - SEQID: 21925 - SMILES: CC(C)(Oc1ccc(Br)cn1)C(=O)N[C@H]1C2C[C@@H]3C[C@H]1C[C@@](CC(N)=O)(C2)C3 - REASON: 3D坐标生成失败
2025-05-15 17:50:46,019 - PDB: 3I4F_A - SEQID: 22239 - SMILES: CNc1ccc(C(C)(C)C(=O)N[C@H]2C3C[C@@H]4C[C@H]2C[C@@](CC(N)=O)(C3)C4)cn1 - REASON: 3D坐标生成失败
2025-05-15 17:51:32,787 - PDB: 3I4F_A - SEQID: 22291 - SMILES: CC(C)(Oc1ccc(Cl)cc1)C(=O)N[C@H]1C2C[C@@H]3C[C@@H]1C[C@@](C(=O)NCC(N)=O)(C2)C3 - REASON: 3D坐标生成失败
2025-05-15 17:51:58,775 - PDB: 3I4F_A - SEQID: 24711 - SMILES: CC(C)(Oc1ccc(Cl)cc1)C(=O)N[C@H]1C2C[C@@H]3C[C@H]1C[C@@](C(=N)NO)(C2)C3 - REASON: 3D坐标生成失败
2025-05-15 17:52:25,643 - PDB: 3I4F_A - SEQID: 24748 - SMILES: CC(C)(C(=O)N[C@H]1C2C[C@@H]3C[C@H]1C[C@@](CC(N)=O)(C2)C3)c1ccc(C#N)cn1 - REASON: 3D坐标生成失败
2025-05-15 17:52:58,256 - PDB: 3I4F_A - SEQID: 25478 - SMILES: CC(C)(Oc1ccc(Cl)cc1)C(=O)N[C@H]1C2C[C@@H]3C[C@@H]1C[C@@](CO)(C2)C3 - REASON: 3D坐标生成失败
2025-05-15 17:53:30,259 - PDB: 3I4F_A - SEQID: 29871 - SMILES: CC(C)(Oc1ccccc1)C(=O)N[C@H]1C2C[C@@H]3C[C@@H]1C[C@@](C(N)=O)(C2)C3 - REASON: 3D坐标生成失败
2025-05-15 17:54:03,162 - PDB: 3I4F_A - SEQID: 32448 - SMILES: CC(C)(Oc1ccc(Cl)cc1)C(=O)N[C@H]1C2C[C@@H]3C[C@@H]1C[C@@](C(N)=O)(C2)C3 - REASON: 3D坐标生成失败
